<?xml version="1.0" encoding="UTF-8"?>
<!-- Generated by org.testng.reporters.JUnitReportReporter -->
<testsuite hostname="LAPTOP-IKS9SD1L" failures="0" tests="1" name="testCases.TwoTest" time="9.518" errors="0" timestamp="2024-12-10T18:14:25 IST" skipped="0">
  <testcase classname="testCases.TwoTest" name="testTwo" time="9.518"/>
  <system-out/>
</testsuite> <!-- testCases.TwoTest -->
