<?xml version="1.0" encoding="UTF-8"?>
<!-- Generated by org.testng.reporters.JUnitReportReporter -->
<testsuite hostname="LAPTOP-IKS9SD1L" failures="0" tests="1" name="runner.Runner" time="11.069" errors="0" timestamp="2024-12-10T18:16:14 IST" skipped="0">
  <testcase classname="runner.Runner" name="runScenario" time="11.069"/>
  <system-out/>
</testsuite> <!-- runner.Runner -->
