<?xml version="1.0" encoding="UTF-8"?>
<!-- Generated by org.testng.reporters.JUnitReportReporter -->
<testsuite hostname="LAPTOP-IKS9SD1L" failures="0" tests="1" name="testCases.FourTest" time="9.667" errors="0" timestamp="2024-12-10T18:14:25 IST" skipped="0">
  <testcase classname="testCases.FourTest" name="testFour" time="9.667"/>
  <system-out/>
</testsuite> <!-- testCases.FourTest -->
