<?xml version="1.0" encoding="UTF-8"?>
<!-- Generated by org.testng.reporters.JUnitReportReporter -->
<testsuite hostname="LAPTOP-IKS9SD1L" failures="0" tests="3" name="testCases.LoginTest" time="46.322" errors="0" timestamp="2024-12-10T18:14:25 IST" skipped="0">
  <testcase classname="testCases.LoginTest" name="login" time="8.502"/>
  <system-out/>
  <testcase classname="testCases.LoginTest" name="login" time="28.661"/>
  <system-out/>
  <testcase classname="testCases.LoginTest" name="login" time="9.159"/>
  <system-out/>
</testsuite> <!-- testCases.LoginTest -->
